<?xml version="1.0" encoding="UTF-8"?>
<!-- Generated by org.testng.reporters.JUnitReportReporter -->
<testsuite skipped="0" hostname="RCHENNUB-LAP" name="org.qa.linkedin.testcase.LinkedinLandingTest" tests="5" failures="0" timestamp="26 Dec 2018 02:04:03 GMT" time="4.699" errors="0">
  <testcase name="verifyLinkedinLandingForgotPwdLink" time="2.905" classname="org.qa.linkedin.testcase.LinkedinLandingTest"/>
  <testcase name="verifyLinkedinLoginSection" time="0.077" classname="org.qa.linkedin.testcase.LinkedinLandingTest"/>
  <testcase name="verifyLinkedinLogoTest" time="0.070" classname="org.qa.linkedin.testcase.LinkedinLandingTest"/>
  <testcase name="verifyLinkedinLandingRegSection" time="1.640" classname="org.qa.linkedin.testcase.LinkedinLandingTest"/>
  <testcase name="verifyLinkedinLandingTitle" time="0.007" classname="org.qa.linkedin.testcase.LinkedinLandingTest"/>
</testsuite> <!-- org.qa.linkedin.testcase.LinkedinLandingTest -->
