<?xml version="1.0" encoding="UTF-8"?>
<!-- Generated by org.testng.reporters.JUnitReportReporter -->
<testsuite skipped="0" hostname="RCHENNUB-LAP" name="org.qa.linkedin.testcase.SearchTest" tests="5" failures="0" timestamp="26 Dec 2018 02:04:03 GMT" time="35.787" errors="0">
  <testcase name="searchTest" time="4.463" classname="org.qa.linkedin.testcase.SearchTest"/>
  <testcase name="searchTest" time="4.284" classname="org.qa.linkedin.testcase.SearchTest"/>
  <testcase name="searchTest" time="5.348" classname="org.qa.linkedin.testcase.SearchTest"/>
  <testcase name="searchTest" time="4.185" classname="org.qa.linkedin.testcase.SearchTest"/>
  <testcase name="validateLoginTest" time="17.507" classname="org.qa.linkedin.testcase.SearchTest"/>
</testsuite> <!-- org.qa.linkedin.testcase.SearchTest -->
